;;; 
Import: Release 11.2.0.2.0 - Production on Sat Apr 22 17:32:47 2017

Copyright (c) 1982, 2009, Oracle and/or its affiliates.  All rights reserved.
;;; 
Connected to: Oracle Database 11g Express Edition Release 11.2.0.2.0 - 64bit Production
Master table "RFIDDB"."SYS_IMPORT_TABLE_01" successfully loaded/unloaded
Starting "RFIDDB"."SYS_IMPORT_TABLE_01":  rfidDB/******** parfile=rfidDB.par 
Processing object type TABLE_EXPORT/TABLE/TABLE
ORA-39151: Table "RFIDDB"."FRIDGE" exists. All dependent metadata and data will be skipped due to table_exists_action of skip
ORA-39151: Table "RFIDDB"."USERTYPE" exists. All dependent metadata and data will be skipped due to table_exists_action of skip
ORA-39151: Table "RFIDDB"."OWNER" exists. All dependent metadata and data will be skipped due to table_exists_action of skip
ORA-39151: Table "RFIDDB"."RECIPE" exists. All dependent metadata and data will be skipped due to table_exists_action of skip
ORA-39151: Table "RFIDDB"."INGREDIENT" exists. All dependent metadata and data will be skipped due to table_exists_action of skip
ORA-39151: Table "RFIDDB"."STOCK" exists. All dependent metadata and data will be skipped due to table_exists_action of skip
ORA-39151: Table "RFIDDB"."OWNERRECIPE" exists. All dependent metadata and data will be skipped due to table_exists_action of skip
ORA-39151: Table "RFIDDB"."RECIPEINGREDIENT" exists. All dependent metadata and data will be skipped due to table_exists_action of skip
ORA-39151: Table "RFIDDB"."OWNERSTOCK" exists. All dependent metadata and data will be skipped due to table_exists_action of skip
Processing object type TABLE_EXPORT/TABLE/TABLE_DATA
Processing object type TABLE_EXPORT/TABLE/CONSTRAINT/CONSTRAINT
Processing object type TABLE_EXPORT/TABLE/CONSTRAINT/REF_CONSTRAINT
Job "RFIDDB"."SYS_IMPORT_TABLE_01" completed with 9 error(s) at 17:32:48
